[debug] [2021-07-19T21:16:09.592Z] ----------------------------------------------------------------------
[debug] [2021-07-19T21:16:09.593Z] Command:       /usr/local/bin/firebase /Users/monthlysalsry/.cache/firebase/tools/lib/node_modules/firebase-tools/lib/bin/firebase emulators:start
[debug] [2021-07-19T21:16:09.594Z] CLI Version:   9.14.0
[debug] [2021-07-19T21:16:09.594Z] Platform:      darwin
[debug] [2021-07-19T21:16:09.594Z] Node Version:  v12.18.1
[debug] [2021-07-19T21:16:09.595Z] Time:          Tue Jul 20 2021 05:16:09 GMT+0800 (GMT+08:00)
[debug] [2021-07-19T21:16:09.595Z] ----------------------------------------------------------------------
[debug] 
[debug] [2021-07-19T21:16:09.618Z] > command requires scopes: ["email","openid","https://www.googleapis.com/auth/cloudplatformprojects.readonly","https://www.googleapis.com/auth/firebase","https://www.googleapis.com/auth/cloud-platform"]
[debug] [2021-07-19T21:16:09.619Z] > authorizing via signed-in user (yuehhsin0118@gmail.com)
[info] i  emulators: Starting emulators: hosting {"metadata":{"emulator":{"name":"hub"},"message":"Starting emulators: hosting"}}
[debug] [2021-07-19T21:16:09.632Z] [hub] writing locator at /var/folders/t5/c0s44s5j6q32yy8dc6tzhrpw0000gn/T/hub-timecell-98386.json
[debug] [2021-07-19T21:16:09.645Z] >>> [apiv2][query] GET https://firebasehosting.googleapis.com/v1beta1/projects/timecell-98386/sites 
[debug] [2021-07-19T21:16:11.046Z] <<< [apiv2][status] GET https://firebasehosting.googleapis.com/v1beta1/projects/timecell-98386/sites 200
[debug] [2021-07-19T21:16:11.046Z] <<< [apiv2][body] GET https://firebasehosting.googleapis.com/v1beta1/projects/timecell-98386/sites {"sites":[{"name":"projects/899688311120/sites/timecell","defaultUrl":"https://timecell.web.app","appId":"1:899688311120:web:66062dcc7e918a1c18e455","type":"USER_SITE"},{"name":"projects/899688311120/sites/timecell-98386","defaultUrl":"https://timecell-98386.web.app","type":"DEFAULT_SITE"}]}
[debug] [2021-07-19T21:16:11.047Z] >>> [apiv2][query] GET https://firebase.googleapis.com/v1beta1/projects/timecell-98386/webApps/-/config [none]
[debug] [2021-07-19T21:16:12.587Z] <<< [apiv2][status] GET https://firebase.googleapis.com/v1beta1/projects/timecell-98386/webApps/-/config 200
[debug] [2021-07-19T21:16:12.587Z] <<< [apiv2][body] GET https://firebase.googleapis.com/v1beta1/projects/timecell-98386/webApps/-/config {"projectId":"timecell-98386","appId":"1:899688311120:web:66062dcc7e918a1c18e455","storageBucket":"timecell-98386.appspot.com","locationId":"us-central","apiKey":"AIzaSyB4kUO37rm_oVzoh1juejvDaeh4KHU_yPQ","authDomain":"timecell-98386.firebaseapp.com","messagingSenderId":"899688311120","measurementId":"G-NF0CBVSJZC"}
[info] i  hosting[timecell]: Serving hosting files from: dist {"metadata":{"emulator":{"name":"hosting"},"message":"Serving hosting files from: \u001b[1mdist\u001b[22m"}}
[info] ✔  hosting[timecell]: Local server: http://localhost:5000 {"metadata":{"emulator":{"name":"hosting"},"message":"Local server: \u001b[4m\u001b[1mhttp://localhost:5000\u001b[22m\u001b[24m"}}
[warn] ⚠  emulators: The Emulator UI requires a project ID to start. Configure your default project with 'firebase use' or pass the --project flag. {"metadata":{"emulator":{"name":"hub"},"message":"The Emulator UI requires a project ID to start. Configure your default project with 'firebase use' or pass the --project flag."}}
[info] 
┌─────────────────────────────────────────────────────────────┐
│ ✔  All emulators ready! It is now safe to connect your app. │
└─────────────────────────────────────────────────────────────┘

┌──────────┬────────────────┐
│ Emulator │ Host:Port      │
├──────────┼────────────────┤
│ Hosting  │ localhost:5000 │
└──────────┴────────────────┘
  Emulator Hub running at localhost:4400
  Other reserved ports: None

Issues? Report them at https://github.com/firebase/firebase-tools/issues and attach the *-debug.log files.
 
[info] i  hosting: 127.0.0.1 - - [19/Jul/2021:21:16:15 +0000] "GET /home HTTP/1.1" 304 - "-" "Mozilla/5.0 (Linux; Android 6.0; Nexus 5 Build/MRA58N) AppleWebKit/537.36 (KHTML, like Gecko) Chrome/91.0.4472.114 Mobile Safari/537.36" {"metadata":{"emulator":{"name":"hosting"},"message":"127.0.0.1 - - [19/Jul/2021:21:16:15 +0000] \"GET /home HTTP/1.1\" 304 - \"-\" \"Mozilla/5.0 (Linux; Android 6.0; Nexus 5 Build/MRA58N) AppleWebKit/537.36 (KHTML, like Gecko) Chrome/91.0.4472.114 Mobile Safari/537.36\""}}
[info] i  hosting: 127.0.0.1 - - [19/Jul/2021:21:16:15 +0000] "GET /main.js HTTP/1.1" 200 738361 "http://localhost:5000/home" "Mozilla/5.0 (Linux; Android 6.0; Nexus 5 Build/MRA58N) AppleWebKit/537.36 (KHTML, like Gecko) Chrome/91.0.4472.114 Mobile Safari/537.36" {"metadata":{"emulator":{"name":"hosting"},"message":"127.0.0.1 - - [19/Jul/2021:21:16:15 +0000] \"GET /main.js HTTP/1.1\" 200 738361 \"http://localhost:5000/home\" \"Mozilla/5.0 (Linux; Android 6.0; Nexus 5 Build/MRA58N) AppleWebKit/537.36 (KHTML, like Gecko) Chrome/91.0.4472.114 Mobile Safari/537.36\""}}
[info] i  hosting: 127.0.0.1 - - [19/Jul/2021:21:16:15 +0000] "GET /dist/title.png HTTP/1.1" 200 1020 "http://localhost:5000/home" "Mozilla/5.0 (Linux; Android 6.0; Nexus 5 Build/MRA58N) AppleWebKit/537.36 (KHTML, like Gecko) Chrome/91.0.4472.114 Mobile Safari/537.36" {"metadata":{"emulator":{"name":"hosting"},"message":"127.0.0.1 - - [19/Jul/2021:21:16:15 +0000] \"GET /dist/title.png HTTP/1.1\" 200 1020 \"http://localhost:5000/home\" \"Mozilla/5.0 (Linux; Android 6.0; Nexus 5 Build/MRA58N) AppleWebKit/537.36 (KHTML, like Gecko) Chrome/91.0.4472.114 Mobile Safari/537.36\""}}
